2025-06-15 09:19:08 INFO [__main__] 开始同步QMT板块列表数据，当前时间:start_time 
2025-06-15 09:19:08 INFO [__main__] 开始同步QMT板块列表到数据库，先删除旧数据
2025-06-15 09:19:09 INFO [__main__] 已删除旧数据，删除数量: 5467
2025-06-15 09:19:09 INFO [__main__] 从QMT获取板块列表...
2025-06-15 09:19:09 INFO [__main__] 从QMT获取到5467个板块
2025-06-15 09:19:09 INFO [__main__] 开始批量插入板块到数据库...
2025-06-15 09:23:02 INFO [__main__] 成功批量插入5467个板块到数据库
2025-06-15 09:23:02 INFO [__main__] 同步QMT板块列表完成，当前时间：2025-06-15 09:23:02.643885,耗时: 0:03:53.686966
2025-06-15 10:13:06 INFO [__main__] 开始同步QMT板块及成分股数据，开始时间: 2025-06-15 10:13:06.451627
2025-06-15 10:13:06 INFO [__main__] 从QMT获取板块列表...
2025-06-15 10:13:06 INFO [__main__] 从QMT获取到5467个板块
2025-06-15 10:13:06 INFO [__main__] 删除所有板块和成分股旧数据...
2025-06-15 10:13:07 INFO [__main__] 已删除旧板块数据，删除数量: 5467
2025-06-15 10:13:07 INFO [__main__] 已删除旧成分股数据，删除数量: 0
2025-06-15 10:13:07 INFO [__main__] 开始处理板块[上期所]...
2025-06-15 10:13:07 WARNING [__main__] 板块[上期所]获取到4641个成分股
2025-06-15 10:13:07 INFO [__main__] 板块[上期所]及其4641个成分股数据已插入
2025-06-15 10:13:07 INFO [__main__] 开始处理板块[上证A股]...
2025-06-15 10:28:30 INFO [__main__] 开始同步QMT板块及成分股数据，开始时间: 2025-06-15 10:28:30.632565
2025-06-15 10:28:30 INFO [__main__] 从QMT获取板块列表...
2025-06-15 10:28:30 INFO [__main__] 从QMT获取到5467个板块
2025-06-15 10:28:30 INFO [__main__] 删除所有板块和成分股旧数据...
2025-06-15 10:28:31 INFO [__main__] 已删除旧板块数据，删除数量: 0
2025-06-15 10:28:31 INFO [__main__] 已删除旧成分股数据，删除数量: 0
2025-06-15 10:28:31 INFO [__main__] 跳过板块[上期所]，因为包含过滤关键词
2025-06-15 10:28:31 INFO [__main__] 跳过板块[上证A股]，因为包含过滤关键词
2025-06-15 10:28:31 INFO [__main__] 跳过板块[上证B股]，因为包含过滤关键词
2025-06-15 10:28:31 INFO [__main__] 跳过板块[上证期权]，因为包含过滤关键词
2025-06-15 10:28:31 INFO [__main__] 跳过板块[上证转债]，因为包含过滤关键词
2025-06-15 10:28:31 INFO [__main__] 跳过板块[中金所]，因为包含过滤关键词
2025-06-15 10:28:31 INFO [__main__] 开始处理板块[创业板]...
2025-06-15 10:28:31 INFO [__main__] 板块[创业板]获取到1382个成分股
2025-06-15 10:29:25 INFO [__main__] 板块[创业板]及其1382个成分股数据已插入
2025-06-15 10:29:25 INFO [__main__] 跳过板块[大商所]，因为包含过滤关键词
2025-06-15 10:29:25 INFO [__main__] 跳过板块[沪市ETF]，因为包含过滤关键词
2025-06-15 10:29:25 INFO [__main__] 跳过板块[沪市债券]，因为包含过滤关键词
2025-06-15 10:29:25 INFO [__main__] 跳过板块[沪市基金]，因为包含过滤关键词
2025-06-15 10:29:25 INFO [__main__] 跳过板块[沪市指数]，因为包含过滤关键词
2025-06-15 10:29:25 INFO [__main__] 跳过板块[沪深A股]，因为包含过滤关键词
2025-06-15 10:29:25 INFO [__main__] 跳过板块[沪深B股]，因为包含过滤关键词
2025-06-15 10:29:25 INFO [__main__] 跳过板块[沪深ETF]，因为包含过滤关键词
2025-06-15 10:29:25 INFO [__main__] 跳过板块[沪深债券]，因为包含过滤关键词
2025-06-15 10:29:25 INFO [__main__] 跳过板块[沪深基金]，因为包含过滤关键词
2025-06-15 10:29:25 INFO [__main__] 跳过板块[沪深指数]，因为包含过滤关键词
2025-06-15 10:29:25 INFO [__main__] 跳过板块[沪深转债]，因为包含过滤关键词
2025-06-15 10:29:25 INFO [__main__] 跳过板块[深市ETF]，因为包含过滤关键词
2025-06-15 10:29:25 INFO [__main__] 跳过板块[深市债券]，因为包含过滤关键词
2025-06-15 10:29:25 INFO [__main__] 跳过板块[深市基金]，因为包含过滤关键词
2025-06-15 10:29:25 INFO [__main__] 跳过板块[深市指数]，因为包含过滤关键词
2025-06-15 10:29:25 INFO [__main__] 跳过板块[深证A股]，因为包含过滤关键词
2025-06-15 10:29:25 INFO [__main__] 跳过板块[深证B股]，因为包含过滤关键词
2025-06-15 10:29:25 INFO [__main__] 跳过板块[深证期权]，因为包含过滤关键词
2025-06-15 10:29:25 INFO [__main__] 跳过板块[深证转债]，因为包含过滤关键词
2025-06-15 10:29:25 INFO [__main__] 跳过板块[科创板]，因为包含过滤关键词
2025-06-15 10:29:25 INFO [__main__] 跳过板块[科创板CDR]，因为包含过滤关键词
2025-06-15 10:29:25 INFO [__main__] 跳过板块[能源中心]，因为包含过滤关键词
2025-06-15 10:29:25 INFO [__main__] 跳过板块[连续合约]，因为包含过滤关键词
2025-06-15 10:29:25 INFO [__main__] 跳过板块[郑商所]，因为包含过滤关键词
2025-06-15 10:29:25 INFO [__main__] 跳过板块[香港联交所指数]，因为包含过滤关键词
2025-06-15 10:29:25 INFO [__main__] 跳过板块[香港联交所股票]，因为包含过滤关键词
2025-06-15 10:29:25 INFO [__main__] 跳过板块[ETF主题指数]，因为包含过滤关键词
2025-06-15 10:29:25 INFO [__main__] 跳过板块[ETF债券型]，因为包含过滤关键词
2025-06-15 10:29:25 INFO [__main__] 跳过板块[ETF商品型]，因为包含过滤关键词
2025-06-15 10:29:25 INFO [__main__] 跳过板块[ETF股票型]，因为包含过滤关键词
2025-06-15 10:29:25 INFO [__main__] 跳过板块[ETF行业指数]，因为包含过滤关键词
2025-06-15 10:29:25 INFO [__main__] 跳过板块[ETF货币型]，因为包含过滤关键词
2025-06-15 10:29:25 INFO [__main__] 跳过板块[ETF跨境型]，因为包含过滤关键词
2025-06-15 10:29:25 INFO [__main__] 开始处理板块[TGN2024三季报预增]...
2025-06-15 10:29:25 INFO [__main__] 板块[TGN2024三季报预增]获取到99个成分股
2025-06-15 10:29:29 INFO [__main__] 板块[TGN2024三季报预增]及其99个成分股数据已插入
2025-06-15 10:29:29 INFO [__main__] 开始处理板块[TGN2024中报预增]...
2025-06-15 10:29:29 INFO [__main__] 板块[TGN2024中报预增]获取到669个成分股
2025-06-15 10:29:57 INFO [__main__] 板块[TGN2024中报预增]及其669个成分股数据已插入
2025-06-15 10:29:57 INFO [__main__] 开始处理板块[TGN2024年报预增]...
2025-06-15 10:29:57 INFO [__main__] 板块[TGN2024年报预增]获取到406个成分股
